This file contains any messages produced by compilers while
running configure, to aid debugging if configure makes a mistake.

It was created by xdrfile configure 1.1b, which was
generated by GNU Autoconf 2.60.  Invocation command line was

  $ ./configure 

## --------- ##
## Platform. ##
## --------- ##

hostname = simmons-x220t
uname -m = x86_64
uname -r = 2.6.32-5-amd64
uname -s = Linux
uname -v = #1 SMP Sun Sep 23 10:07:46 UTC 2012

/usr/bin/uname -p = unknown
/bin/uname -X     = unknown

/bin/arch              = unknown
/usr/bin/arch -k       = unknown
/usr/convex/getsysinfo = unknown
/usr/bin/hostinfo      = unknown
/bin/machine           = unknown
/usr/bin/oslevel       = unknown
/bin/universe          = unknown

PATH: /usr/local/sbin
PATH: /usr/local/bin
PATH: /usr/sbin
PATH: /usr/bin
PATH: /sbin
PATH: /bin


## ----------- ##
## Core tests. ##
## ----------- ##

configure:1982: checking build system type
configure:2000: result: x86_64-unknown-linux-gnu
configure:2022: checking host system type
configure:2037: result: x86_64-unknown-linux-gnu
configure:2074: checking for a BSD-compatible install
configure:2130: result: /usr/bin/install -c
configure:2141: checking whether build environment is sane
configure:2184: result: yes
configure:2249: checking for gawk
configure:2265: found /usr/bin/gawk
configure:2276: result: gawk
configure:2287: checking whether make sets $(MAKE)
configure:2308: result: yes
configure:2487: checking how to create a ustar tar archive
configure:2500: tar --version
tar (GNU tar) 1.23
Copyright (C) 2010 Free Software Foundation, Inc.
License GPLv3+: GNU GPL version 3 or later <http://gnu.org/licenses/gpl.html>.
This is free software: you are free to change and redistribute it.
There is NO WARRANTY, to the extent permitted by law.

Written by John Gilmore and Jay Fenlason.
configure:2503: $? = 0
configure:2543: tardir=conftest.dir && eval tar --format=ustar -chf - "$tardir" >conftest.tar
configure:2546: $? = 0
configure:2550: tar -xf - <conftest.tar
configure:2553: $? = 0
configure:2566: result: gnutar
configure:2746: checking for cc
configure:2762: found /usr/bin/cc
configure:2773: result: cc
configure:2809: checking for C compiler version
configure:2816: cc --version >&5
cc (Debian 4.4.5-8) 4.4.5
Copyright (C) 2010 Free Software Foundation, Inc.
This is free software; see the source for copying conditions.  There is NO
warranty; not even for MERCHANTABILITY or FITNESS FOR A PARTICULAR PURPOSE.

configure:2819: $? = 0
configure:2826: cc -v >&5
Using built-in specs.
Target: x86_64-linux-gnu
Configured with: ../src/configure -v --with-pkgversion='Debian 4.4.5-8' --with-bugurl=file:///usr/share/doc/gcc-4.4/README.Bugs --enable-languages=c,c++,fortran,objc,obj-c++ --prefix=/usr --program-suffix=-4.4 --enable-shared --enable-multiarch --enable-linker-build-id --with-system-zlib --libexecdir=/usr/lib --without-included-gettext --enable-threads=posix --with-gxx-include-dir=/usr/include/c++/4.4 --libdir=/usr/lib --enable-nls --enable-clocale=gnu --enable-libstdcxx-debug --enable-objc-gc --with-arch-32=i586 --with-tune=generic --enable-checking=release --build=x86_64-linux-gnu --host=x86_64-linux-gnu --target=x86_64-linux-gnu
Thread model: posix
gcc version 4.4.5 (Debian 4.4.5-8) 
configure:2829: $? = 0
configure:2836: cc -V >&5
cc: '-V' option must have argument
configure:2839: $? = 1
configure:2862: checking for C compiler default output file name
configure:2889: cc    conftest.c  >&5
configure:2892: $? = 0
configure:2938: result: a.out
configure:2943: checking whether the C compiler works
configure:2953: ./a.out
configure:2956: $? = 0
configure:2973: result: yes
configure:2980: checking whether we are cross compiling
configure:2982: result: no
configure:2985: checking for suffix of executables
configure:2992: cc -o conftest    conftest.c  >&5
configure:2995: $? = 0
configure:3019: result: 
configure:3025: checking for suffix of object files
configure:3051: cc -c   conftest.c >&5
configure:3054: $? = 0
configure:3077: result: o
configure:3081: checking whether we are using the GNU C compiler
configure:3110: cc -c   conftest.c >&5
configure:3116: $? = 0
configure:3123: test -z "$ac_c_werror_flag" || test ! -s conftest.err
configure:3126: $? = 0
configure:3133: test -s conftest.o
configure:3136: $? = 0
configure:3150: result: yes
configure:3155: checking whether cc accepts -g
configure:3185: cc -c -g  conftest.c >&5
configure:3191: $? = 0
configure:3198: test -z "$ac_c_werror_flag" || test ! -s conftest.err
configure:3201: $? = 0
configure:3208: test -s conftest.o
configure:3211: $? = 0
configure:3341: result: yes
configure:3358: checking for cc option to accept ISO C89
configure:3432: cc  -c -g -O2  conftest.c >&5
configure:3438: $? = 0
configure:3445: test -z "$ac_c_werror_flag" || test ! -s conftest.err
configure:3448: $? = 0
configure:3455: test -s conftest.o
configure:3458: $? = 0
configure:3478: result: none needed
configure:3507: checking for style of include used by make
configure:3535: result: GNU
configure:3563: checking dependency style of cc
configure:3653: result: gcc3
configure:5180: checking how to run the C preprocessor
configure:5220: cc -E  conftest.c
configure:5226: $? = 0
configure:5264: cc -E  conftest.c
conftest.c:15:28: error: ac_nonexistent.h: No such file or directory
configure:5270: $? = 1
configure: failed program was:
| /* confdefs.h.  */
| #define PACKAGE_NAME "xdrfile"
| #define PACKAGE_TARNAME "xdrfile"
| #define PACKAGE_VERSION "1.1b"
| #define PACKAGE_STRING "xdrfile 1.1b"
| #define PACKAGE_BUGREPORT "gmx-users@gromacs.org"
| #define PACKAGE "xdrfile"
| #define VERSION "1.1b"
| #define BUILD_TIME "Sun Nov 18 14:22:41 EST 2012"
| #define BUILD_USER "root@simmons-x220t"
| #define BUILD_MACHINE "Linux 2.6.32-5-amd64 x86_64"
| #define F77_OR_C_FUNC(name,NAME) name
| #define F77_OR_C_FUNC_(name,NAME) name
| /* end confdefs.h.  */
| #include <ac_nonexistent.h>
configure:5310: result: cc -E
configure:5339: cc -E  conftest.c
configure:5345: $? = 0
configure:5383: cc -E  conftest.c
conftest.c:15:28: error: ac_nonexistent.h: No such file or directory
configure:5389: $? = 1
configure: failed program was:
| /* confdefs.h.  */
| #define PACKAGE_NAME "xdrfile"
| #define PACKAGE_TARNAME "xdrfile"
| #define PACKAGE_VERSION "1.1b"
| #define PACKAGE_STRING "xdrfile 1.1b"
| #define PACKAGE_BUGREPORT "gmx-users@gromacs.org"
| #define PACKAGE "xdrfile"
| #define VERSION "1.1b"
| #define BUILD_TIME "Sun Nov 18 14:22:41 EST 2012"
| #define BUILD_USER "root@simmons-x220t"
| #define BUILD_MACHINE "Linux 2.6.32-5-amd64 x86_64"
| #define F77_OR_C_FUNC(name,NAME) name
| #define F77_OR_C_FUNC_(name,NAME) name
| /* end confdefs.h.  */
| #include <ac_nonexistent.h>
configure:5821: checking whether cc accepts -O3
configure:5839: result: yes
configure:5863: checking whether cc accepts -malign-double
configure:5881: result: yes
configure:6150: checking whether cc accepts -funroll-all-loops
configure:6168: result: yes
configure:6207: checking whether cc accepts  -O3 -fomit-frame-pointer -finline-functions -Wall -Wno-unused -malign-double -funroll-all-loops
configure:6225: result: yes
configure:6317: checking for grep that handles long lines and -e
configure:6391: result: /bin/grep
configure:6396: checking for egrep
configure:6474: result: /bin/grep -E
configure:6479: checking for ANSI C header files
configure:6517: cc -c  -O3 -fomit-frame-pointer -finline-functions -Wall -Wno-unused -malign-double -funroll-all-loops  conftest.c >&5
configure:6523: $? = 0
configure:6530: test -z "$ac_c_werror_flag" || test ! -s conftest.err
configure:6533: $? = 0
configure:6540: test -s conftest.o
configure:6543: $? = 0
configure:6639: cc -o conftest  -O3 -fomit-frame-pointer -finline-functions -Wall -Wno-unused -malign-double -funroll-all-loops    conftest.c  >&5
configure:6642: $? = 0
configure:6648: ./conftest
configure:6651: $? = 0
configure:6668: result: yes
configure:6692: checking for sys/types.h
configure:6713: cc -c  -O3 -fomit-frame-pointer -finline-functions -Wall -Wno-unused -malign-double -funroll-all-loops  conftest.c >&5
configure:6719: $? = 0
configure:6726: test -z "$ac_c_werror_flag" || test ! -s conftest.err
configure:6729: $? = 0
configure:6736: test -s conftest.o
configure:6739: $? = 0
configure:6752: result: yes
configure:6692: checking for sys/stat.h
configure:6713: cc -c  -O3 -fomit-frame-pointer -finline-functions -Wall -Wno-unused -malign-double -funroll-all-loops  conftest.c >&5
configure:6719: $? = 0
configure:6726: test -z "$ac_c_werror_flag" || test ! -s conftest.err
configure:6729: $? = 0
configure:6736: test -s conftest.o
configure:6739: $? = 0
configure:6752: result: yes
configure:6692: checking for stdlib.h
configure:6713: cc -c  -O3 -fomit-frame-pointer -finline-functions -Wall -Wno-unused -malign-double -funroll-all-loops  conftest.c >&5
configure:6719: $? = 0
configure:6726: test -z "$ac_c_werror_flag" || test ! -s conftest.err
configure:6729: $? = 0
configure:6736: test -s conftest.o
configure:6739: $? = 0
configure:6752: result: yes
configure:6692: checking for string.h
configure:6713: cc -c  -O3 -fomit-frame-pointer -finline-functions -Wall -Wno-unused -malign-double -funroll-all-loops  conftest.c >&5
configure:6719: $? = 0
configure:6726: test -z "$ac_c_werror_flag" || test ! -s conftest.err
configure:6729: $? = 0
configure:6736: test -s conftest.o
configure:6739: $? = 0
configure:6752: result: yes
configure:6692: checking for memory.h
configure:6713: cc -c  -O3 -fomit-frame-pointer -finline-functions -Wall -Wno-unused -malign-double -funroll-all-loops  conftest.c >&5
configure:6719: $? = 0
configure:6726: test -z "$ac_c_werror_flag" || test ! -s conftest.err
configure:6729: $? = 0
configure:6736: test -s conftest.o
configure:6739: $? = 0
configure:6752: result: yes
configure:6692: checking for strings.h
configure:6713: cc -c  -O3 -fomit-frame-pointer -finline-functions -Wall -Wno-unused -malign-double -funroll-all-loops  conftest.c >&5
configure:6719: $? = 0
configure:6726: test -z "$ac_c_werror_flag" || test ! -s conftest.err
configure:6729: $? = 0
configure:6736: test -s conftest.o
configure:6739: $? = 0
configure:6752: result: yes
configure:6692: checking for inttypes.h
configure:6713: cc -c  -O3 -fomit-frame-pointer -finline-functions -Wall -Wno-unused -malign-double -funroll-all-loops  conftest.c >&5
configure:6719: $? = 0
configure:6726: test -z "$ac_c_werror_flag" || test ! -s conftest.err
configure:6729: $? = 0
configure:6736: test -s conftest.o
configure:6739: $? = 0
configure:6752: result: yes
configure:6692: checking for stdint.h
configure:6713: cc -c  -O3 -fomit-frame-pointer -finline-functions -Wall -Wno-unused -malign-double -funroll-all-loops  conftest.c >&5
configure:6719: $? = 0
configure:6726: test -z "$ac_c_werror_flag" || test ! -s conftest.err
configure:6729: $? = 0
configure:6736: test -s conftest.o
configure:6739: $? = 0
configure:6752: result: yes
configure:6692: checking for unistd.h
configure:6713: cc -c  -O3 -fomit-frame-pointer -finline-functions -Wall -Wno-unused -malign-double -funroll-all-loops  conftest.c >&5
configure:6719: $? = 0
configure:6726: test -z "$ac_c_werror_flag" || test ! -s conftest.err
configure:6729: $? = 0
configure:6736: test -s conftest.o
configure:6739: $? = 0
configure:6752: result: yes
configure:6764: checking whether byte ordering is bigendian
configure:6804: cc -c  -O3 -fomit-frame-pointer -finline-functions -Wall -Wno-unused -malign-double -funroll-all-loops  conftest.c >&5
configure:6810: $? = 0
configure:6817: test -z "$ac_c_werror_flag" || test ! -s conftest.err
configure:6820: $? = 0
configure:6827: test -s conftest.o
configure:6830: $? = 0
configure:6867: cc -c  -O3 -fomit-frame-pointer -finline-functions -Wall -Wno-unused -malign-double -funroll-all-loops  conftest.c >&5
conftest.c: In function 'main':
conftest.c:40: error: 'not' undeclared (first use in this function)
conftest.c:40: error: (Each undeclared identifier is reported only once
conftest.c:40: error: for each function it appears in.)
conftest.c:40: error: expected ';' before 'big'
configure:6873: $? = 1
configure: failed program was:
| /* confdefs.h.  */
| #define PACKAGE_NAME "xdrfile"
| #define PACKAGE_TARNAME "xdrfile"
| #define PACKAGE_VERSION "1.1b"
| #define PACKAGE_STRING "xdrfile 1.1b"
| #define PACKAGE_BUGREPORT "gmx-users@gromacs.org"
| #define PACKAGE "xdrfile"
| #define VERSION "1.1b"
| #define BUILD_TIME "Sun Nov 18 14:22:41 EST 2012"
| #define BUILD_USER "root@simmons-x220t"
| #define BUILD_MACHINE "Linux 2.6.32-5-amd64 x86_64"
| #define F77_OR_C_FUNC(name,NAME) name
| #define F77_OR_C_FUNC_(name,NAME) name
| #define STDC_HEADERS 1
| #define HAVE_SYS_TYPES_H 1
| #define HAVE_SYS_STAT_H 1
| #define HAVE_STDLIB_H 1
| #define HAVE_STRING_H 1
| #define HAVE_MEMORY_H 1
| #define HAVE_STRINGS_H 1
| #define HAVE_INTTYPES_H 1
| #define HAVE_STDINT_H 1
| #define HAVE_UNISTD_H 1
| /* end confdefs.h.  */
| #include <sys/types.h>
| #include <sys/param.h>
| 
| #ifdef F77_DUMMY_MAIN
| 
| #  ifdef __cplusplus
|      extern "C"
| #  endif
|    int F77_DUMMY_MAIN() { return 1; }
| 
| #endif
| int
| main ()
| {
| #if BYTE_ORDER != BIG_ENDIAN
|  not big endian
| #endif
| 
|   ;
|   return 0;
| }
configure:7063: result: no
configure:7086: checking for int
configure:7124: cc -c  -O3 -fomit-frame-pointer -finline-functions -Wall -Wno-unused -malign-double -funroll-all-loops  conftest.c >&5
configure:7130: $? = 0
configure:7137: test -z "$ac_c_werror_flag" || test ! -s conftest.err
configure:7140: $? = 0
configure:7147: test -s conftest.o
configure:7150: $? = 0
configure:7162: result: yes
configure:7165: checking size of int
configure:7601: cc -o conftest  -O3 -fomit-frame-pointer -finline-functions -Wall -Wno-unused -malign-double -funroll-all-loops    conftest.c  >&5
configure:7604: $? = 0
configure:7610: ./conftest
configure:7613: $? = 0
configure:7635: result: 4
configure:7642: checking for long int
configure:7680: cc -c  -O3 -fomit-frame-pointer -finline-functions -Wall -Wno-unused -malign-double -funroll-all-loops  conftest.c >&5
configure:7686: $? = 0
configure:7693: test -z "$ac_c_werror_flag" || test ! -s conftest.err
configure:7696: $? = 0
configure:7703: test -s conftest.o
configure:7706: $? = 0
configure:7718: result: yes
configure:7721: checking size of long int
configure:8157: cc -o conftest  -O3 -fomit-frame-pointer -finline-functions -Wall -Wno-unused -malign-double -funroll-all-loops    conftest.c  >&5
configure:8160: $? = 0
configure:8166: ./conftest
configure:8169: $? = 0
configure:8191: result: 8
configure:8198: checking for long long int
configure:8236: cc -c  -O3 -fomit-frame-pointer -finline-functions -Wall -Wno-unused -malign-double -funroll-all-loops  conftest.c >&5
configure:8242: $? = 0
configure:8249: test -z "$ac_c_werror_flag" || test ! -s conftest.err
configure:8252: $? = 0
configure:8259: test -s conftest.o
configure:8262: $? = 0
configure:8274: result: yes
configure:8277: checking size of long long int
configure:8713: cc -o conftest  -O3 -fomit-frame-pointer -finline-functions -Wall -Wno-unused -malign-double -funroll-all-loops    conftest.c  >&5
configure:8716: $? = 0
configure:8722: ./conftest
configure:8725: $? = 0
configure:8747: result: 8
configure:8760: checking that size_t can hold pointers
configure:8794: cc -c  -O3 -fomit-frame-pointer -finline-functions -Wall -Wno-unused -malign-double -funroll-all-loops  conftest.c >&5
configure:8800: $? = 0
configure:8807: test -z "$ac_c_werror_flag" || test ! -s conftest.err
configure:8810: $? = 0
configure:8817: test -s conftest.o
configure:8820: $? = 0
configure:8822: result: yes
configure:8841: checking floating-point format
configure:8862: cc -c  -O3 -fomit-frame-pointer -finline-functions -Wall -Wno-unused -malign-double -funroll-all-loops  conftest.c >&5
configure:8865: $? = 0
configure:8895: result: IEEE754 (little-endian byte and word order)
configure:8973: checking for a BSD-compatible install
configure:9029: result: /usr/bin/install -c
configure:9040: checking whether ln -s works
configure:9047: result: no, using cp -p
configure:9051: checking whether make sets $(MAKE)
configure:9072: result: yes
configure:9131: checking for a sed that does not truncate output
configure:9187: result: /bin/sed
configure:9201: checking for ld used by cc
configure:9268: result: /usr/bin/ld
configure:9277: checking if the linker (/usr/bin/ld) is GNU ld
configure:9292: result: yes
configure:9297: checking for /usr/bin/ld option to reload object files
configure:9304: result: -r
configure:9322: checking for BSD-compatible nm
configure:9371: result: /usr/bin/nm -B
configure:9375: checking how to recognize dependent libraries
configure:9561: result: pass_all
configure:9649: cc -c  -O3 -fomit-frame-pointer -finline-functions -Wall -Wno-unused -malign-double -funroll-all-loops  conftest.c >&5
configure:9652: $? = 0
configure:10125: checking dlfcn.h usability
configure:10142: cc -c  -O3 -fomit-frame-pointer -finline-functions -Wall -Wno-unused -malign-double -funroll-all-loops  conftest.c >&5
configure:10148: $? = 0
configure:10155: test -z "$ac_c_werror_flag" || test ! -s conftest.err
configure:10158: $? = 0
configure:10165: test -s conftest.o
configure:10168: $? = 0
configure:10179: result: yes
configure:10183: checking dlfcn.h presence
configure:10198: cc -E  conftest.c
configure:10204: $? = 0
configure:10225: result: yes
configure:10258: checking for dlfcn.h
configure:10266: result: yes
configure:10337: checking for g++
configure:10353: found /usr/bin/g++
configure:10364: result: g++
configure:10395: checking for C++ compiler version
configure:10402: g++ --version >&5
g++ (Debian 4.4.5-8) 4.4.5
Copyright (C) 2010 Free Software Foundation, Inc.
This is free software; see the source for copying conditions.  There is NO
warranty; not even for MERCHANTABILITY or FITNESS FOR A PARTICULAR PURPOSE.

configure:10405: $? = 0
configure:10412: g++ -v >&5
Using built-in specs.
Target: x86_64-linux-gnu
Configured with: ../src/configure -v --with-pkgversion='Debian 4.4.5-8' --with-bugurl=file:///usr/share/doc/gcc-4.4/README.Bugs --enable-languages=c,c++,fortran,objc,obj-c++ --prefix=/usr --program-suffix=-4.4 --enable-shared --enable-multiarch --enable-linker-build-id --with-system-zlib --libexecdir=/usr/lib --without-included-gettext --enable-threads=posix --with-gxx-include-dir=/usr/include/c++/4.4 --libdir=/usr/lib --enable-nls --enable-clocale=gnu --enable-libstdcxx-debug --enable-objc-gc --with-arch-32=i586 --with-tune=generic --enable-checking=release --build=x86_64-linux-gnu --host=x86_64-linux-gnu --target=x86_64-linux-gnu
Thread model: posix
gcc version 4.4.5 (Debian 4.4.5-8) 
configure:10415: $? = 0
configure:10422: g++ -V >&5
g++: '-V' option must have argument
configure:10425: $? = 1
configure:10428: checking whether we are using the GNU C++ compiler
configure:10465: g++ -c   conftest.cpp >&5
configure:10471: $? = 0
configure:10478: test -z "$ac_cxx_werror_flag" || test ! -s conftest.err
configure:10481: $? = 0
configure:10488: test -s conftest.o
configure:10491: $? = 0
configure:10505: result: yes
configure:10510: checking whether g++ accepts -g
configure:10548: g++ -c -g  conftest.cpp >&5
configure:10554: $? = 0
configure:10561: test -z "$ac_cxx_werror_flag" || test ! -s conftest.err
configure:10564: $? = 0
configure:10571: test -s conftest.o
configure:10574: $? = 0
configure:10720: result: yes
configure:10745: checking dependency style of g++
configure:10835: result: gcc3
configure:10862: checking how to run the C++ preprocessor
configure:10898: g++ -E  conftest.cpp
configure:10904: $? = 0
configure:10942: g++ -E  conftest.cpp
conftest.cpp:30:28: error: ac_nonexistent.h: No such file or directory
configure:10948: $? = 1
configure: failed program was:
| /* confdefs.h.  */
| #define PACKAGE_NAME "xdrfile"
| #define PACKAGE_TARNAME "xdrfile"
| #define PACKAGE_VERSION "1.1b"
| #define PACKAGE_STRING "xdrfile 1.1b"
| #define PACKAGE_BUGREPORT "gmx-users@gromacs.org"
| #define PACKAGE "xdrfile"
| #define VERSION "1.1b"
| #define BUILD_TIME "Sun Nov 18 14:22:41 EST 2012"
| #define BUILD_USER "root@simmons-x220t"
| #define BUILD_MACHINE "Linux 2.6.32-5-amd64 x86_64"
| #define F77_OR_C_FUNC(name,NAME) name
| #define F77_OR_C_FUNC_(name,NAME) name
| #define STDC_HEADERS 1
| #define HAVE_SYS_TYPES_H 1
| #define HAVE_SYS_STAT_H 1
| #define HAVE_STDLIB_H 1
| #define HAVE_STRING_H 1
| #define HAVE_MEMORY_H 1
| #define HAVE_STRINGS_H 1
| #define HAVE_INTTYPES_H 1
| #define HAVE_STDINT_H 1
| #define HAVE_UNISTD_H 1
| #define SIZEOF_INT 4
| #define SIZEOF_LONG_INT 8
| #define SIZEOF_LONG_LONG_INT 8
| #define FLOAT_FORMAT_IEEE754
| #define HAVE_DLFCN_H 1
| /* end confdefs.h.  */
| #include <ac_nonexistent.h>
configure:10988: result: g++ -E
configure:11017: g++ -E  conftest.cpp
configure:11023: $? = 0
configure:11061: g++ -E  conftest.cpp
conftest.cpp:30:28: error: ac_nonexistent.h: No such file or directory
configure:11067: $? = 1
configure: failed program was:
| /* confdefs.h.  */
| #define PACKAGE_NAME "xdrfile"
| #define PACKAGE_TARNAME "xdrfile"
| #define PACKAGE_VERSION "1.1b"
| #define PACKAGE_STRING "xdrfile 1.1b"
| #define PACKAGE_BUGREPORT "gmx-users@gromacs.org"
| #define PACKAGE "xdrfile"
| #define VERSION "1.1b"
| #define BUILD_TIME "Sun Nov 18 14:22:41 EST 2012"
| #define BUILD_USER "root@simmons-x220t"
| #define BUILD_MACHINE "Linux 2.6.32-5-amd64 x86_64"
| #define F77_OR_C_FUNC(name,NAME) name
| #define F77_OR_C_FUNC_(name,NAME) name
| #define STDC_HEADERS 1
| #define HAVE_SYS_TYPES_H 1
| #define HAVE_SYS_STAT_H 1
| #define HAVE_STDLIB_H 1
| #define HAVE_STRING_H 1
| #define HAVE_MEMORY_H 1
| #define HAVE_STRINGS_H 1
| #define HAVE_INTTYPES_H 1
| #define HAVE_STDINT_H 1
| #define HAVE_UNISTD_H 1
| #define SIZEOF_INT 4
| #define SIZEOF_LONG_INT 8
| #define SIZEOF_LONG_LONG_INT 8
| #define FLOAT_FORMAT_IEEE754
| #define HAVE_DLFCN_H 1
| /* end confdefs.h.  */
| #include <ac_nonexistent.h>
configure:11118: checking the maximum length of command line arguments
configure:11230: result: 1572864
configure:11242: checking command to parse /usr/bin/nm -B output from cc object
configure:11347: g++ -c -g -O2  conftest.cpp >&5
configure:11350: $? = 0
configure:11354: /usr/bin/nm -B conftest.o \| sed -n -e 's/^.*[ 	]\([ABCDGIRSTW][ABCDGIRSTW]*\)[ 	][ 	]*\([_A-Za-z][_A-Za-z0-9]*\)$/\1 \2 \2/p' \> conftest.nm
configure:11357: $? = 0
configure:11409: g++ -o conftest -g -O2    conftest.cpp conftstm.o >&5
configure:11412: $? = 0
configure:11450: result: ok
configure:11454: checking for objdir
configure:11469: result: .libs
configure:11561: checking for ar
configure:11577: found /usr/bin/ar
configure:11588: result: ar
configure:11657: checking for ranlib
configure:11673: found /usr/bin/ranlib
configure:11684: result: ranlib
configure:11753: checking for strip
configure:11769: found /usr/bin/strip
configure:11780: result: strip
configure:12066: checking if cc supports -fno-rtti -fno-exceptions
configure:12084: cc -c  -O3 -fomit-frame-pointer -finline-functions -Wall -Wno-unused -malign-double -funroll-all-loops  -fno-rtti -fno-exceptions conftest.c >&5
cc1: warning: command line option "-fno-rtti" is valid for C++/ObjC++ but not for C
configure:12088: $? = 0
configure:12101: result: no
configure:12116: checking for cc option to produce PIC
configure:12348: result: -fPIC
configure:12356: checking if cc PIC flag -fPIC works
configure:12374: cc -c  -O3 -fomit-frame-pointer -finline-functions -Wall -Wno-unused -malign-double -funroll-all-loops  -fPIC -DPIC conftest.c >&5
configure:12378: $? = 0
configure:12391: result: yes
configure:12419: checking if cc static flag -static works
configure:12447: result: yes
configure:12457: checking if cc supports -c -o file.o
configure:12478: cc -c  -O3 -fomit-frame-pointer -finline-functions -Wall -Wno-unused -malign-double -funroll-all-loops  -o out/conftest2.o conftest.c >&5
configure:12482: $? = 0
configure:12504: result: yes
configure:12530: checking whether the cc linker (/usr/bin/ld -m elf_x86_64) supports shared libraries
configure:13558: result: yes
configure:13625: checking dynamic linker characteristics
configure:14227: result: GNU/Linux ld.so
configure:14236: checking how to hardcode library paths into programs
configure:14261: result: immediate
configure:14275: checking whether stripping libraries is possible
configure:14280: result: yes
configure:15250: checking if libtool supports shared libraries
configure:15252: result: yes
configure:15255: checking whether to build shared libraries
configure:15276: result: no
configure:15279: checking whether to build static libraries
configure:15283: result: yes
configure:15376: creating libtool
configure:15964: checking for ld used by g++
configure:16031: result: /usr/bin/ld -m elf_x86_64
configure:16040: checking if the linker (/usr/bin/ld -m elf_x86_64) is GNU ld
configure:16055: result: yes
configure:16106: checking whether the g++ linker (/usr/bin/ld -m elf_x86_64) supports shared libraries
configure:17128: result: yes
configure:17146: g++ -c -g -O2  conftest.cpp >&5
configure:17149: $? = 0
configure:17301: checking for g++ option to produce PIC
configure:17585: result: -fPIC
configure:17593: checking if g++ PIC flag -fPIC works
configure:17611: g++ -c -g -O2  -fPIC -DPIC conftest.cpp >&5
configure:17615: $? = 0
configure:17628: result: yes
configure:17656: checking if g++ static flag -static works
configure:17684: result: yes
configure:17694: checking if g++ supports -c -o file.o
configure:17715: g++ -c -g -O2  -o out/conftest2.o conftest.cpp >&5
configure:17719: $? = 0
configure:17741: result: yes
configure:17767: checking whether the g++ linker (/usr/bin/ld -m elf_x86_64) supports shared libraries
configure:17792: result: yes
configure:17859: checking dynamic linker characteristics
configure:18409: result: GNU/Linux ld.so
configure:18418: checking how to hardcode library paths into programs
configure:18443: result: immediate
configure:24701: checking for special C compiler options needed for large files
configure:24836: result: no
configure:24842: checking for _FILE_OFFSET_BITS value needed for large files
configure:24886: cc -c  -O3 -fomit-frame-pointer -finline-functions -Wall -Wno-unused -malign-double -funroll-all-loops  conftest.c >&5
configure:24892: $? = 0
configure:24899: test -z "$ac_c_werror_flag" || test ! -s conftest.err
configure:24902: $? = 0
configure:24909: test -s conftest.o
configure:24912: $? = 0
configure:25001: result: no
configure:25011: checking for _LARGE_FILES value needed for large files
configure:25055: cc -c  -O3 -fomit-frame-pointer -finline-functions -Wall -Wno-unused -malign-double -funroll-all-loops  conftest.c >&5
configure:25061: $? = 0
configure:25068: test -z "$ac_c_werror_flag" || test ! -s conftest.err
configure:25071: $? = 0
configure:25078: test -s conftest.o
configure:25081: $? = 0
configure:25170: result: no
configure:25182: checking for _LARGEFILE_SOURCE value needed for large files
configure:25218: cc -c  -O3 -fomit-frame-pointer -finline-functions -Wall -Wno-unused -malign-double -funroll-all-loops  conftest.c >&5
conftest.c: In function 'main':
conftest.c:42: warning: the address of 'fseeko' will always evaluate as 'true'
configure:25224: $? = 0
configure:25231: test -z "$ac_c_werror_flag" || test ! -s conftest.err
configure:25234: $? = 0
configure:25241: test -s conftest.o
configure:25244: $? = 0
configure:25325: result: no
configure:25339: checking for fseeko
configure:25373: cc -o conftest  -O3 -fomit-frame-pointer -finline-functions -Wall -Wno-unused -malign-double -funroll-all-loops    conftest.c  >&5
conftest.c: In function 'main':
conftest.c:42: warning: the address of 'fseeko' will always evaluate as 'true'
configure:25379: $? = 0
configure:25386: test -z "$ac_c_werror_flag" || test ! -s conftest.err
configure:25389: $? = 0
configure:25396: test -s conftest
configure:25399: $? = 0
configure:25412: result: yes
configure:25436: checking for sqrt in -lm
configure:25479: cc -o conftest  -O3 -fomit-frame-pointer -finline-functions -Wall -Wno-unused -malign-double -funroll-all-loops    conftest.c -lm   >&5
conftest.c:38: warning: conflicting types for built-in function 'sqrt'
configure:25485: $? = 0
configure:25492: test -z "$ac_c_werror_flag" || test ! -s conftest.err
configure:25495: $? = 0
configure:25502: test -s conftest
configure:25505: $? = 0
configure:25519: result: yes
configure:25563: checking rpc/rpc.h usability
configure:25580: cc -c  -O3 -fomit-frame-pointer -finline-functions -Wall -Wno-unused -malign-double -funroll-all-loops  conftest.c >&5
configure:25586: $? = 0
configure:25593: test -z "$ac_c_werror_flag" || test ! -s conftest.err
configure:25596: $? = 0
configure:25603: test -s conftest.o
configure:25606: $? = 0
configure:25617: result: yes
configure:25621: checking rpc/rpc.h presence
configure:25636: cc -E  conftest.c
configure:25642: $? = 0
configure:25663: result: yes
configure:25696: checking for rpc/rpc.h
configure:25704: result: yes
configure:25721: checking for rpc/xdr.h
configure:25745: cc -c  -O3 -fomit-frame-pointer -finline-functions -Wall -Wno-unused -malign-double -funroll-all-loops  conftest.c >&5
configure:25751: $? = 0
configure:25758: test -z "$ac_c_werror_flag" || test ! -s conftest.err
configure:25761: $? = 0
configure:25768: test -s conftest.o
configure:25771: $? = 0
configure:25784: result: yes
configure:25796: checking for xdr_float in -lnsl
configure:25839: cc -o conftest  -O3 -fomit-frame-pointer -finline-functions -Wall -Wno-unused -malign-double -funroll-all-loops    conftest.c -lnsl  -lm  >&5
configure:25845: $? = 0
configure:25852: test -z "$ac_c_werror_flag" || test ! -s conftest.err
configure:25855: $? = 0
configure:25862: test -s conftest
configure:25865: $? = 0
configure:25879: result: yes
configure:25930: cc -o conftest  -O3 -fomit-frame-pointer -finline-functions -Wall -Wno-unused -malign-double -funroll-all-loops    conftest.c -lnsl -lm  >&5
conftest.c: In function 'main':
conftest.c:58: warning: 'xd' is used uninitialized in this function
configure:25936: $? = 0
configure:25943: test -z "$ac_c_werror_flag" || test ! -s conftest.err
configure:25946: $? = 0
configure:25953: test -s conftest
configure:25956: $? = 0
configure:25985: checking for working memcmp
configure:26046: cc -o conftest  -O3 -fomit-frame-pointer -finline-functions -Wall -Wno-unused -malign-double -funroll-all-loops    conftest.c -lnsl -lm  >&5
configure:26049: $? = 0
configure:26055: ./conftest
configure:26058: $? = 0
configure:26074: result: yes
configure:26083: checking return type of signal handlers
configure:26119: cc -c  -O3 -fomit-frame-pointer -finline-functions -Wall -Wno-unused -malign-double -funroll-all-loops  conftest.c >&5
conftest.c: In function 'main':
conftest.c:49: error: void value not ignored as it ought to be
configure:26125: $? = 1
configure: failed program was:
| /* confdefs.h.  */
| #define PACKAGE_NAME "xdrfile"
| #define PACKAGE_TARNAME "xdrfile"
| #define PACKAGE_VERSION "1.1b"
| #define PACKAGE_STRING "xdrfile 1.1b"
| #define PACKAGE_BUGREPORT "gmx-users@gromacs.org"
| #define PACKAGE "xdrfile"
| #define VERSION "1.1b"
| #define BUILD_TIME "Sun Nov 18 14:22:41 EST 2012"
| #define BUILD_USER "root@simmons-x220t"
| #define BUILD_MACHINE "Linux 2.6.32-5-amd64 x86_64"
| #define F77_OR_C_FUNC(name,NAME) name
| #define F77_OR_C_FUNC_(name,NAME) name
| #define STDC_HEADERS 1
| #define HAVE_SYS_TYPES_H 1
| #define HAVE_SYS_STAT_H 1
| #define HAVE_STDLIB_H 1
| #define HAVE_STRING_H 1
| #define HAVE_MEMORY_H 1
| #define HAVE_STRINGS_H 1
| #define HAVE_INTTYPES_H 1
| #define HAVE_STDINT_H 1
| #define HAVE_UNISTD_H 1
| #define SIZEOF_INT 4
| #define SIZEOF_LONG_INT 8
| #define SIZEOF_LONG_LONG_INT 8
| #define FLOAT_FORMAT_IEEE754
| #define HAVE_DLFCN_H 1
| #define HAVE_FSEEKO 1
| #define HAVE_LIBM 1
| #define HAVE_RPC_RPC_H 1
| #define HAVE_RPC_XDR_H 1
| #define HAVE_LIBNSL 1
| /* end confdefs.h.  */
| #include <sys/types.h>
| #include <signal.h>
| 
| #ifdef F77_DUMMY_MAIN
| 
| #  ifdef __cplusplus
|      extern "C"
| #  endif
|    int F77_DUMMY_MAIN() { return 1; }
| 
| #endif
| int
| main ()
| {
| return *(signal (0, 0)) (0) == 1;
|   ;
|   return 0;
| }
configure:26157: result: void
configure:26169: checking for vprintf
configure:26233: cc -o conftest  -O3 -fomit-frame-pointer -finline-functions -Wall -Wno-unused -malign-double -funroll-all-loops    conftest.c -lnsl -lm  >&5
conftest.c:59: warning: conflicting types for built-in function 'vprintf'
configure:26239: $? = 0
configure:26246: test -z "$ac_c_werror_flag" || test ! -s conftest.err
configure:26249: $? = 0
configure:26256: test -s conftest
configure:26259: $? = 0
configure:26273: result: yes
configure:26280: checking for _doprnt
configure:26344: cc -o conftest  -O3 -fomit-frame-pointer -finline-functions -Wall -Wno-unused -malign-double -funroll-all-loops    conftest.c -lnsl -lm  >&5
/tmp/cc4HXhJc.o: In function `main':
conftest.c:(.text+0x7): undefined reference to `_doprnt'
collect2: ld returned 1 exit status
configure:26350: $? = 1
configure: failed program was:
| /* confdefs.h.  */
| #define PACKAGE_NAME "xdrfile"
| #define PACKAGE_TARNAME "xdrfile"
| #define PACKAGE_VERSION "1.1b"
| #define PACKAGE_STRING "xdrfile 1.1b"
| #define PACKAGE_BUGREPORT "gmx-users@gromacs.org"
| #define PACKAGE "xdrfile"
| #define VERSION "1.1b"
| #define BUILD_TIME "Sun Nov 18 14:22:41 EST 2012"
| #define BUILD_USER "root@simmons-x220t"
| #define BUILD_MACHINE "Linux 2.6.32-5-amd64 x86_64"
| #define F77_OR_C_FUNC(name,NAME) name
| #define F77_OR_C_FUNC_(name,NAME) name
| #define STDC_HEADERS 1
| #define HAVE_SYS_TYPES_H 1
| #define HAVE_SYS_STAT_H 1
| #define HAVE_STDLIB_H 1
| #define HAVE_STRING_H 1
| #define HAVE_MEMORY_H 1
| #define HAVE_STRINGS_H 1
| #define HAVE_INTTYPES_H 1
| #define HAVE_STDINT_H 1
| #define HAVE_UNISTD_H 1
| #define SIZEOF_INT 4
| #define SIZEOF_LONG_INT 8
| #define SIZEOF_LONG_LONG_INT 8
| #define FLOAT_FORMAT_IEEE754
| #define HAVE_DLFCN_H 1
| #define HAVE_FSEEKO 1
| #define HAVE_LIBM 1
| #define HAVE_RPC_RPC_H 1
| #define HAVE_RPC_XDR_H 1
| #define HAVE_LIBNSL 1
| #define RETSIGTYPE void
| #define HAVE_VPRINTF 1
| /* end confdefs.h.  */
| /* Define _doprnt to an innocuous variant, in case <limits.h> declares _doprnt.
|    For example, HP-UX 11i <limits.h> declares gettimeofday.  */
| #define _doprnt innocuous__doprnt
| 
| /* System header to define __stub macros and hopefully few prototypes,
|     which can conflict with char _doprnt (); below.
|     Prefer <limits.h> to <assert.h> if __STDC__ is defined, since
|     <limits.h> exists even on freestanding compilers.  */
| 
| #ifdef __STDC__
| # include <limits.h>
| #else
| # include <assert.h>
| #endif
| 
| #undef _doprnt
| 
| /* Override any GCC internal prototype to avoid an error.
|    Use char because int might match the return type of a GCC
|    builtin and then its argument prototype would still apply.  */
| #ifdef __cplusplus
| extern "C"
| #endif
| char _doprnt ();
| /* The GNU C library defines this for functions which it implements
|     to always fail with ENOSYS.  Some functions are actually named
|     something starting with __ and the normal name is an alias.  */
| #if defined __stub__doprnt || defined __stub____doprnt
| choke me
| #endif
| 
| #ifdef F77_DUMMY_MAIN
| 
| #  ifdef __cplusplus
|      extern "C"
| #  endif
|    int F77_DUMMY_MAIN() { return 1; }
| 
| #endif
| int
| main ()
| {
| return _doprnt ();
|   ;
|   return 0;
| }
configure:26383: result: no
configure:26397: checking if malloc debugging is wanted
configure:26417: result: no
configure:26426: checking for strcasecmp
configure:26490: cc -o conftest  -O3 -fomit-frame-pointer -finline-functions -Wall -Wno-unused -malign-double -funroll-all-loops    conftest.c -lnsl -lm  >&5
conftest.c:60: warning: conflicting types for built-in function 'strcasecmp'
configure:26496: $? = 0
configure:26503: test -z "$ac_c_werror_flag" || test ! -s conftest.err
configure:26506: $? = 0
configure:26513: test -s conftest
configure:26516: $? = 0
configure:26530: result: yes
configure:26544: checking for strdup
configure:26608: cc -o conftest  -O3 -fomit-frame-pointer -finline-functions -Wall -Wno-unused -malign-double -funroll-all-loops    conftest.c -lnsl -lm  >&5
conftest.c:61: warning: conflicting types for built-in function 'strdup'
configure:26614: $? = 0
configure:26621: test -z "$ac_c_werror_flag" || test ! -s conftest.err
configure:26624: $? = 0
configure:26631: test -s conftest
configure:26634: $? = 0
configure:26648: result: yes
configure:26659: checking for bool
configure:26697: cc -c  -O3 -fomit-frame-pointer -finline-functions -Wall -Wno-unused -malign-double -funroll-all-loops  conftest.c >&5
conftest.c:72: error: expected '=', ',', ';', 'asm' or '__attribute__' before 'ac__type_new_'
conftest.c: In function 'main':
conftest.c:84: error: 'ac__type_new_' undeclared (first use in this function)
conftest.c:84: error: (Each undeclared identifier is reported only once
conftest.c:84: error: for each function it appears in.)
conftest.c:84: error: expected expression before ')' token
configure:26703: $? = 1
configure: failed program was:
| /* confdefs.h.  */
| #define PACKAGE_NAME "xdrfile"
| #define PACKAGE_TARNAME "xdrfile"
| #define PACKAGE_VERSION "1.1b"
| #define PACKAGE_STRING "xdrfile 1.1b"
| #define PACKAGE_BUGREPORT "gmx-users@gromacs.org"
| #define PACKAGE "xdrfile"
| #define VERSION "1.1b"
| #define BUILD_TIME "Sun Nov 18 14:22:41 EST 2012"
| #define BUILD_USER "root@simmons-x220t"
| #define BUILD_MACHINE "Linux 2.6.32-5-amd64 x86_64"
| #define F77_OR_C_FUNC(name,NAME) name
| #define F77_OR_C_FUNC_(name,NAME) name
| #define STDC_HEADERS 1
| #define HAVE_SYS_TYPES_H 1
| #define HAVE_SYS_STAT_H 1
| #define HAVE_STDLIB_H 1
| #define HAVE_STRING_H 1
| #define HAVE_MEMORY_H 1
| #define HAVE_STRINGS_H 1
| #define HAVE_INTTYPES_H 1
| #define HAVE_STDINT_H 1
| #define HAVE_UNISTD_H 1
| #define SIZEOF_INT 4
| #define SIZEOF_LONG_INT 8
| #define SIZEOF_LONG_LONG_INT 8
| #define FLOAT_FORMAT_IEEE754
| #define HAVE_DLFCN_H 1
| #define HAVE_FSEEKO 1
| #define HAVE_LIBM 1
| #define HAVE_RPC_RPC_H 1
| #define HAVE_RPC_XDR_H 1
| #define HAVE_LIBNSL 1
| #define RETSIGTYPE void
| #define HAVE_VPRINTF 1
| #define HAVE_STRCASECMP 1
| #define HAVE_STRDUP 1
| /* end confdefs.h.  */
| #include <stdio.h>
| #if HAVE_SYS_TYPES_H
| # include <sys/types.h>
| #endif
| #if HAVE_SYS_STAT_H
| # include <sys/stat.h>
| #endif
| #if STDC_HEADERS
| # include <stdlib.h>
| # include <stddef.h>
| #else
| # if HAVE_STDLIB_H
| #  include <stdlib.h>
| # endif
| #endif
| #if HAVE_STRING_H
| # if !STDC_HEADERS && HAVE_MEMORY_H
| #  include <memory.h>
| # endif
| # include <string.h>
| #endif
| #if HAVE_STRINGS_H
| # include <strings.h>
| #endif
| #if HAVE_INTTYPES_H
| # include <inttypes.h>
| #endif
| #if HAVE_STDINT_H
| # include <stdint.h>
| #endif
| #if HAVE_UNISTD_H
| # include <unistd.h>
| #endif
| typedef bool ac__type_new_;
| #ifdef F77_DUMMY_MAIN
| 
| #  ifdef __cplusplus
|      extern "C"
| #  endif
|    int F77_DUMMY_MAIN() { return 1; }
| 
| #endif
| int
| main ()
| {
| if ((ac__type_new_ *) 0)
|   return 0;
| if (sizeof (ac__type_new_))
|   return 0;
|   ;
|   return 0;
| }
configure:26735: result: no
configure:26791: checking limits.h usability
configure:26808: cc -c  -O3 -fomit-frame-pointer -finline-functions -Wall -Wno-unused -malign-double -funroll-all-loops  conftest.c >&5
configure:26814: $? = 0
configure:26821: test -z "$ac_c_werror_flag" || test ! -s conftest.err
configure:26824: $? = 0
configure:26831: test -s conftest.o
configure:26834: $? = 0
configure:26845: result: yes
configure:26849: checking limits.h presence
configure:26864: cc -E  conftest.c
configure:26870: $? = 0
configure:26891: result: yes
configure:26924: checking for limits.h
configure:26932: result: yes
configure:26781: checking for strings.h
configure:26787: result: yes
configure:26781: checking for unistd.h
configure:26787: result: yes
configure:26954: checking for unistd.h
configure:26960: result: yes
configure:27121: checking for an ANSI C-conforming const
configure:27204: cc -c  -O3 -fomit-frame-pointer -finline-functions -Wall -Wno-unused -malign-double -funroll-all-loops  conftest.c >&5
conftest.c: In function 'main':
conftest.c:80: warning: 't' is used uninitialized in this function
conftest.c:96: warning: 'b' is used uninitialized in this function
conftest.c:59: warning: 'x[0]' is used uninitialized in this function
configure:27210: $? = 0
configure:27217: test -z "$ac_c_werror_flag" || test ! -s conftest.err
configure:27220: $? = 0
configure:27227: test -s conftest.o
configure:27230: $? = 0
configure:27242: result: yes
configure:27252: checking for size_t
configure:27290: cc -c  -O3 -fomit-frame-pointer -finline-functions -Wall -Wno-unused -malign-double -funroll-all-loops  conftest.c >&5
configure:27296: $? = 0
configure:27303: test -z "$ac_c_werror_flag" || test ! -s conftest.err
configure:27306: $? = 0
configure:27313: test -s conftest.o
configure:27316: $? = 0
configure:27328: result: yes
configure:27340: checking whether struct tm is in sys/time.h or time.h
configure:27376: cc -c  -O3 -fomit-frame-pointer -finline-functions -Wall -Wno-unused -malign-double -funroll-all-loops  conftest.c >&5
configure:27382: $? = 0
configure:27389: test -z "$ac_c_werror_flag" || test ! -s conftest.err
configure:27392: $? = 0
configure:27399: test -s conftest.o
configure:27402: $? = 0
configure:27414: result: time.h
configure:27424: checking for uid_t in sys/types.h
configure:27447: result: yes
configure:27462: checking for inline
configure:27488: cc -c  -O3 -fomit-frame-pointer -finline-functions -Wall -Wno-unused -malign-double -funroll-all-loops  conftest.c >&5
configure:27494: $? = 0
configure:27501: test -z "$ac_c_werror_flag" || test ! -s conftest.err
configure:27504: $? = 0
configure:27511: test -s conftest.o
configure:27514: $? = 0
configure:27529: result: inline
configure:27564: checking whether byte ordering is bigendian
configure:27863: result: no
configure:28242: creating ./config.status

## ---------------------- ##
## Running config.status. ##
## ---------------------- ##

This file was extended by xdrfile config.status 1.1b, which was
generated by GNU Autoconf 2.60.  Invocation command line was

  CONFIG_FILES    = 
  CONFIG_HEADERS  = 
  CONFIG_LINKS    = 
  CONFIG_COMMANDS = 
  $ ./config.status 

on simmons-x220t

config.status:668: creating Makefile
config.status:668: creating include/Makefile
config.status:668: creating src/Makefile
config.status:668: creating config.h
config.status:956: executing depfiles commands

## ---------------- ##
## Cache variables. ##
## ---------------- ##

ac_cv_build=x86_64-unknown-linux-gnu
ac_cv_c_bigendian=no
ac_cv_c_compiler_gnu=yes
ac_cv_c_const=yes
ac_cv_c_inline=inline
ac_cv_cxx_compiler_gnu=yes
ac_cv_env_CCASFLAGS_set=
ac_cv_env_CCASFLAGS_value=
ac_cv_env_CCAS_set=
ac_cv_env_CCAS_value=
ac_cv_env_CCC_set=
ac_cv_env_CCC_value=
ac_cv_env_CC_set=
ac_cv_env_CC_value=
ac_cv_env_CFLAGS_set=
ac_cv_env_CFLAGS_value=
ac_cv_env_CPPFLAGS_set=
ac_cv_env_CPPFLAGS_value=
ac_cv_env_CPP_set=
ac_cv_env_CPP_value=
ac_cv_env_CXXCPP_set=
ac_cv_env_CXXCPP_value=
ac_cv_env_CXXFLAGS_set=
ac_cv_env_CXXFLAGS_value=
ac_cv_env_CXX_set=
ac_cv_env_CXX_value=
ac_cv_env_F77_set=
ac_cv_env_F77_value=
ac_cv_env_FFLAGS_set=
ac_cv_env_FFLAGS_value=
ac_cv_env_LDFLAGS_set=
ac_cv_env_LDFLAGS_value=
ac_cv_env_build_alias_set=
ac_cv_env_build_alias_value=
ac_cv_env_host_alias_set=
ac_cv_env_host_alias_value=
ac_cv_env_target_alias_set=
ac_cv_env_target_alias_value=
ac_cv_func__doprnt=no
ac_cv_func_fseeko=yes
ac_cv_func_memcmp_working=yes
ac_cv_func_strcasecmp=yes
ac_cv_func_strdup=yes
ac_cv_func_vprintf=yes
ac_cv_header_dlfcn_h=yes
ac_cv_header_inttypes_h=yes
ac_cv_header_limits_h=yes
ac_cv_header_memory_h=yes
ac_cv_header_rpc_rpc_h=yes
ac_cv_header_rpc_xdr_h=yes
ac_cv_header_stdc=yes
ac_cv_header_stdint_h=yes
ac_cv_header_stdlib_h=yes
ac_cv_header_string_h=yes
ac_cv_header_strings_h=yes
ac_cv_header_sys_stat_h=yes
ac_cv_header_sys_types_h=yes
ac_cv_header_unistd_h=yes
ac_cv_host=x86_64-unknown-linux-gnu
ac_cv_lib_m_sqrt=yes
ac_cv_lib_nsl_xdr_float=yes
ac_cv_objext=o
ac_cv_path_EGREP='/bin/grep -E'
ac_cv_path_GREP=/bin/grep
ac_cv_path_install='/usr/bin/install -c'
ac_cv_prog_AWK=gawk
ac_cv_prog_CPP='cc -E'
ac_cv_prog_CXXCPP='g++ -E'
ac_cv_prog_ac_ct_AR=ar
ac_cv_prog_ac_ct_CC=cc
ac_cv_prog_ac_ct_CXX=g++
ac_cv_prog_ac_ct_RANLIB=ranlib
ac_cv_prog_ac_ct_STRIP=strip
ac_cv_prog_cc_c89=
ac_cv_prog_cc_g=yes
ac_cv_prog_cxx_g=yes
ac_cv_prog_make_make_set=yes
ac_cv_sizeof_int=4
ac_cv_sizeof_long_int=8
ac_cv_sizeof_long_long_int=8
ac_cv_struct_tm=time.h
ac_cv_sys_file_offset_bits=no
ac_cv_sys_large_files=no
ac_cv_sys_largefile_CC=no
ac_cv_sys_largefile_source=no
ac_cv_type_bool=no
ac_cv_type_int=yes
ac_cv_type_long_int=yes
ac_cv_type_long_long_int=yes
ac_cv_type_signal=void
ac_cv_type_size_t=yes
ac_cv_type_uid_t=yes
am_cv_CC_dependencies_compiler_type=gcc3
am_cv_CXX_dependencies_compiler_type=gcc3
am_cv_prog_tar_ustar=gnutar
lt_cv_deplibs_check_method=pass_all
lt_cv_file_magic_cmd='$MAGIC_CMD'
lt_cv_file_magic_test_file=
lt_cv_ld_reload_flag=-r
lt_cv_objdir=.libs
lt_cv_path_LD=/usr/bin/ld
lt_cv_path_LDCXX='/usr/bin/ld -m elf_x86_64'
lt_cv_path_NM='/usr/bin/nm -B'
lt_cv_path_SED=/bin/sed
lt_cv_prog_compiler_c_o=yes
lt_cv_prog_compiler_c_o_CXX=yes
lt_cv_prog_compiler_rtti_exceptions=no
lt_cv_prog_gnu_ld=yes
lt_cv_prog_gnu_ldcxx=yes
lt_cv_sys_global_symbol_pipe='sed -n -e '\''s/^.*[ 	]\([ABCDGIRSTW][ABCDGIRSTW]*\)[ 	][ 	]*\([_A-Za-z][_A-Za-z0-9]*\)$/\1 \2 \2/p'\'''
lt_cv_sys_global_symbol_to_c_name_address='sed -n -e '\''s/^: \([^ ]*\) $/  {\"\1\", (lt_ptr) 0},/p'\'' -e '\''s/^[BCDEGRST] \([^ ]*\) \([^ ]*\)$/  {"\2", (lt_ptr) \&\2},/p'\'''
lt_cv_sys_global_symbol_to_cdecl='sed -n -e '\''s/^. .* \(.*\)$/extern int \1;/p'\'''
lt_cv_sys_max_cmd_len=1572864
lt_lt_cv_prog_compiler_c_o='"yes"'
lt_lt_cv_prog_compiler_c_o_CXX='"yes"'
lt_lt_cv_sys_global_symbol_pipe='"sed -n -e '\''s/^.*[ 	]\\([ABCDGIRSTW][ABCDGIRSTW]*\\)[ 	][ 	]*\\([_A-Za-z][_A-Za-z0-9]*\\)\$/\\1 \\2 \\2/p'\''"'
lt_lt_cv_sys_global_symbol_to_c_name_address='"sed -n -e '\''s/^: \\([^ ]*\\) \$/  {\\\"\\1\\\", (lt_ptr) 0},/p'\'' -e '\''s/^[BCDEGRST] \\([^ ]*\\) \\([^ ]*\\)\$/  {\"\\2\", (lt_ptr) \\&\\2},/p'\''"'
lt_lt_cv_sys_global_symbol_to_cdecl='"sed -n -e '\''s/^. .* \\(.*\\)\$/extern int \\1;/p'\''"'

## ----------------- ##
## Output variables. ##
## ----------------- ##

ACLOCAL='${SHELL} /home/dss/winshare/xdrfile-1.1b/config/missing --run aclocal-1.9'
AMDEPBACKSLASH='\'
AMDEP_FALSE='#'
AMDEP_TRUE=''
AMTAR='${SHELL} /home/dss/winshare/xdrfile-1.1b/config/missing --run tar'
AR='ar'
AS='cc'
ASFLAGS=' -O3 -fomit-frame-pointer -finline-functions -Wall -Wno-unused -malign-double -funroll-all-loops'
AUTOCONF='${SHELL} /home/dss/winshare/xdrfile-1.1b/config/missing --run autoconf'
AUTOHEADER='${SHELL} /home/dss/winshare/xdrfile-1.1b/config/missing --run autoheader'
AUTOMAKE='${SHELL} /home/dss/winshare/xdrfile-1.1b/config/missing --run automake-1.9'
AWK='gawk'
CC='cc'
CCAS='cc'
CCASFLAGS=' -O3 -fomit-frame-pointer -finline-functions -Wall -Wno-unused -malign-double -funroll-all-loops'
CCDEPMODE='depmode=gcc3'
CC_FOR_BUILD='cc'
CFLAGS=' -O3 -fomit-frame-pointer -finline-functions -Wall -Wno-unused -malign-double -funroll-all-loops'
CPP='cc -E'
CPPFLAGS=''
CXX='g++'
CXXCPP='g++ -E'
CXXDEPMODE='depmode=gcc3'
CXXFLAGS='-g -O2'
CYGPATH_W='echo'
DEFS='-DHAVE_CONFIG_H'
DEPDIR='.deps'
DLLTOOL='dlltool'
ECHO='echo'
ECHO_C=''
ECHO_N='-n'
ECHO_T=''
EGREP='/bin/grep -E'
EXEEXT=''
F77=''
F77LINK='$(LINK)'
FFLAGS=''
FLIBS=''
GMXANA_LIBOBJS=''
GMXLIB_LIBOBJS=''
GMX_FORTRAN_FALSE=''
GMX_FORTRAN_TRUE='#'
GREP='/bin/grep'
INCLUDES=''
INSTALL_DATA='${INSTALL} -m 644'
INSTALL_PROGRAM='${INSTALL}'
INSTALL_SCRIPT='${INSTALL}'
INSTALL_STRIP_PROGRAM='${SHELL} $(install_sh) -c -s'
LDFLAGS='  '
LIBOBJS=''
LIBS='-lnsl -lm  '
LIBSUFFIX=''
LIBTOOL='$(SHELL) $(top_builddir)/libtool'
LN_S='cp -p'
LTLIBOBJS=''
MAKEINFO='${SHELL} /home/dss/winshare/xdrfile-1.1b/config/missing --run makeinfo'
MDLIB_LIBOBJS=''
MPICC=''
OBJDUMP='objdump'
OBJEXT='o'
PACKAGE='xdrfile'
PACKAGE_BUGREPORT='gmx-users@gromacs.org'
PACKAGE_NAME='xdrfile'
PACKAGE_STRING='xdrfile 1.1b'
PACKAGE_TARNAME='xdrfile'
PACKAGE_VERSION='1.1b'
PATH_SEPARATOR=':'
RANLIB='ranlib'
RPM='rpm'
SED='/bin/sed'
SET_MAKE=''
SHARED_VERSION_INFO='4:0:0'
SHELL='/bin/bash'
STRIP='strip'
VERSION='1.1b'
ac_ct_CC='cc'
ac_ct_CXX='g++'
ac_ct_F77=''
am__fastdepCC_FALSE='#'
am__fastdepCC_TRUE=''
am__fastdepCXX_FALSE='#'
am__fastdepCXX_TRUE=''
am__include='include'
am__leading_dot='.'
am__quote=''
am__tar='tar --format=ustar -chf - "$$tardir"'
am__untar='tar -xf -'
bindir='${exec_prefix}/bin'
build='x86_64-unknown-linux-gnu'
build_alias=''
build_cpu='x86_64'
build_os='linux-gnu'
build_vendor='unknown'
datadir='${datarootdir}'
datarootdir='${prefix}/share'
docdir='${datarootdir}/doc/${PACKAGE_TARNAME}'
dvidir='${docdir}'
exec_prefix='${prefix}'
host='x86_64-unknown-linux-gnu'
host_alias=''
host_cpu='x86_64'
host_os='linux-gnu'
host_vendor='unknown'
htmldir='${docdir}'
includedir='${prefix}/include'
infodir='${datarootdir}/info'
install_sh='/home/dss/winshare/xdrfile-1.1b/config/install-sh'
libdir='${exec_prefix}/lib'
libexecdir='${exec_prefix}/libexec'
localedir='${datarootdir}/locale'
localstatedir='${prefix}/var'
mandir='${datarootdir}/man'
mkdir_p='mkdir -p --'
oldincludedir='/usr/include'
pdfdir='${docdir}'
prefix='/usr/local/'
program_transform_name='s,x,x,'
psdir='${docdir}'
sbindir='${exec_prefix}/sbin'
sharedstatedir='${prefix}/com'
sysconfdir='${prefix}/etc'
target_alias=''

## ----------- ##
## confdefs.h. ##
## ----------- ##

#define PACKAGE_NAME "xdrfile"
#define PACKAGE_TARNAME "xdrfile"
#define PACKAGE_VERSION "1.1b"
#define PACKAGE_STRING "xdrfile 1.1b"
#define PACKAGE_BUGREPORT "gmx-users@gromacs.org"
#define PACKAGE "xdrfile"
#define VERSION "1.1b"
#define BUILD_TIME "Sun Nov 18 14:22:41 EST 2012"
#define BUILD_USER "root@simmons-x220t"
#define BUILD_MACHINE "Linux 2.6.32-5-amd64 x86_64"
#define F77_OR_C_FUNC(name,NAME) name
#define F77_OR_C_FUNC_(name,NAME) name
#define STDC_HEADERS 1
#define HAVE_SYS_TYPES_H 1
#define HAVE_SYS_STAT_H 1
#define HAVE_STDLIB_H 1
#define HAVE_STRING_H 1
#define HAVE_MEMORY_H 1
#define HAVE_STRINGS_H 1
#define HAVE_INTTYPES_H 1
#define HAVE_STDINT_H 1
#define HAVE_UNISTD_H 1
#define SIZEOF_INT 4
#define SIZEOF_LONG_INT 8
#define SIZEOF_LONG_LONG_INT 8
#define FLOAT_FORMAT_IEEE754
#define HAVE_DLFCN_H 1
#define HAVE_FSEEKO 1
#define HAVE_LIBM 1
#define HAVE_RPC_RPC_H 1
#define HAVE_RPC_XDR_H 1
#define HAVE_LIBNSL 1
#define RETSIGTYPE void
#define HAVE_VPRINTF 1
#define HAVE_STRCASECMP 1
#define HAVE_STRDUP 1
#define HAVE_LIMITS_H 1
#define HAVE_STRINGS_H 1
#define HAVE_UNISTD_H 1
#define HAVE_UNISTD_H 1

configure: exit 0
